<?xml version="1.0" encoding="UTF-8"?>
<!-- Generated by org.testng.reporters.JUnitXMLReporter -->
<testsuite ignored="3" hostname="Salils-MacBook-Pro.local" failures="0" tests="0" time="0.007" errors="0" timestamp="2021-02-16T15:19:14 IST">
  <testcase classname="com.qa.test.LoginTests" name="successfulLogin" time="0.0">
    <ignored/>
  </testcase> <!-- successfulLogin -->
  <testcase classname="com.qa.test.LoginTests" name="invalidPassword" time="0.0">
    <ignored/>
  </testcase> <!-- invalidPassword -->
  <testcase classname="com.qa.test.LoginTests" name="invalidUserName" time="0.0">
    <ignored/>
  </testcase> <!-- invalidUserName -->
</testsuite>
