<?xml version="1.0" encoding="UTF-8"?>
<!-- Generated by org.testng.reporters.JUnitXMLReporter -->
<testsuite ignored="0" hostname="Salils-MacBook-Pro.local" failures="0" tests="3" name="Android" time="43.455" errors="0" timestamp="2021-02-16T16:54:54 IST">
  <testcase classname="com.qa.test.LoginTests" name="invalidPassword" time="8.384"/>
  <testcase classname="com.qa.test.LoginTests" name="invalidUserName" time="3.895"/>
  <testcase classname="com.qa.test.LoginTests" name="successfulLogin" time="7.007"/>
</testsuite> <!-- Android -->
