<?xml version="1.0" encoding="UTF-8"?>
<testng-results ignored="0" total="2" passed="2" failed="0" skipped="0">
  <reporter-output>
  </reporter-output>
  <suite started-at="2021-02-19T16:40:37 IST" name="All Test Suite" finished-at="2021-02-19T16:41:30 IST" duration-ms="53622">
    <groups>
    </groups>
    <test started-at="2021-02-19T16:40:37 IST" name="Emulator" finished-at="2021-02-19T16:41:30 IST" duration-ms="53622">
      <class name="com.qa.test.ProductTests">
        <test-method is-config="true" signature="beforeSuite()[pri:0, instance:com.qa.test.ProductTests@7d4f9aae]" started-at="2021-02-19T16:40:37 IST" name="beforeSuite" finished-at="2021-02-19T16:40:37 IST" duration-ms="101" status="PASS">
          <reporter-output>
          </reporter-output>
        </test-method> <!-- beforeSuite -->
        <test-method is-config="true" signature="beforeTest(java.lang.String, java.lang.String, java.lang.String, java.lang.String, java.lang.String, java.lang.String)[pri:0, instance:com.qa.test.ProductTests@7d4f9aae]" started-at="2021-02-19T16:40:37 IST" name="beforeTest" finished-at="2021-02-19T16:40:54 IST" duration-ms="17804" status="PASS">
          <params>
            <param index="0">
              <value>
                <![CDATA[true]]>
              </value>
            </param>
            <param index="1">
              <value>
                <![CDATA[Android]]>
              </value>
            </param>
            <param index="2">
              <value>
                <![CDATA[Pixel_2_API_27]]>
              </value>
            </param>
            <param index="3">
              <value>
                <![CDATA[emulator-5554]]>
              </value>
            </param>
            <param index="4">
              <value>
                <![CDATA[10000]]>
              </value>
            </param>
            <param index="5">
              <value>
                <![CDATA[11000]]>
              </value>
            </param>
          </params>
          <reporter-output>
          </reporter-output>
        </test-method> <!-- beforeTest -->
        <test-method is-config="true" signature="beforeClass()[pri:0, instance:com.qa.test.ProductTests@7d4f9aae]" started-at="2021-02-19T16:40:54 IST" name="beforeClass" finished-at="2021-02-19T16:40:57 IST" duration-ms="2696" status="PASS">
          <reporter-output>
          </reporter-output>
        </test-method> <!-- beforeClass -->
        <test-method is-config="true" signature="beforeMethod(java.lang.String)[pri:0, instance:com.qa.test.ProductTests@7d4f9aae]" started-at="2021-02-19T16:40:57 IST" name="beforeMethod" finished-at="2021-02-19T16:40:58 IST" duration-ms="458" status="PASS">
          <params>
            <param index="0">
              <value>
                <![CDATA[true]]>
              </value>
            </param>
          </params>
          <reporter-output>
          </reporter-output>
        </test-method> <!-- beforeMethod -->
        <test-method is-config="true" signature="beforeMethod(java.lang.reflect.Method)[pri:0, instance:com.qa.test.ProductTests@7d4f9aae]" started-at="2021-02-19T16:40:58 IST" name="beforeMethod" finished-at="2021-02-19T16:41:08 IST" duration-ms="10252" status="PASS">
          <params>
            <param index="0">
              <value>
                <![CDATA[public void com.qa.test.ProductTests.validateProductOnProductDetailsPage()]]>
              </value>
            </param>
          </params>
          <reporter-output>
          </reporter-output>
        </test-method> <!-- beforeMethod -->
        <test-method signature="validateProductOnProductDetailsPage()[pri:0, instance:com.qa.test.ProductTests@7d4f9aae]" started-at="2021-02-19T16:41:08 IST" name="validateProductOnProductDetailsPage" finished-at="2021-02-19T16:41:17 IST" duration-ms="9026" status="PASS">
          <reporter-output>
          </reporter-output>
        </test-method> <!-- validateProductOnProductDetailsPage -->
        <test-method is-config="true" signature="afterMethod()[pri:0, instance:com.qa.test.ProductTests@7d4f9aae]" started-at="2021-02-19T16:41:17 IST" name="afterMethod" finished-at="2021-02-19T16:41:20 IST" duration-ms="3614" status="PASS">
          <reporter-output>
          </reporter-output>
        </test-method> <!-- afterMethod -->
        <test-method is-config="true" signature="afterMethod(java.lang.String, org.testng.ITestResult)[pri:0, instance:com.qa.test.ProductTests@7d4f9aae]" started-at="2021-02-19T16:41:20 IST" name="afterMethod" finished-at="2021-02-19T16:41:22 IST" duration-ms="1512" status="PASS">
          <params>
            <param index="0">
              <value>
                <![CDATA[true]]>
              </value>
            </param>
            <param index="1">
              <value>
                <![CDATA[[TestResult name=validateProductOnProductDetailsPage status=SUCCESS method=ProductTests.validateProductOnProductDetailsPage()[pri:0, instance:com.qa.test.ProductTests@7d4f9aae] output={null}]]]>
              </value>
            </param>
          </params>
          <reporter-output>
          </reporter-output>
        </test-method> <!-- afterMethod -->
        <test-method is-config="true" signature="beforeMethod(java.lang.String)[pri:0, instance:com.qa.test.ProductTests@7d4f9aae]" started-at="2021-02-19T16:41:22 IST" name="beforeMethod" finished-at="2021-02-19T16:41:22 IST" duration-ms="418" status="PASS">
          <params>
            <param index="0">
              <value>
                <![CDATA[true]]>
              </value>
            </param>
          </params>
          <reporter-output>
          </reporter-output>
        </test-method> <!-- beforeMethod -->
        <test-method is-config="true" signature="beforeMethod(java.lang.reflect.Method)[pri:0, instance:com.qa.test.ProductTests@7d4f9aae]" started-at="2021-02-19T16:41:22 IST" name="beforeMethod" finished-at="2021-02-19T16:41:26 IST" duration-ms="3560" status="PASS">
          <params>
            <param index="0">
              <value>
                <![CDATA[public void com.qa.test.ProductTests.validateProductOnProductsPage()]]>
              </value>
            </param>
          </params>
          <reporter-output>
          </reporter-output>
        </test-method> <!-- beforeMethod -->
        <test-method signature="validateProductOnProductsPage()[pri:0, instance:com.qa.test.ProductTests@7d4f9aae]" started-at="2021-02-19T16:41:26 IST" name="validateProductOnProductsPage" finished-at="2021-02-19T16:41:28 IST" duration-ms="1658" status="PASS">
          <reporter-output>
          </reporter-output>
        </test-method> <!-- validateProductOnProductsPage -->
        <test-method is-config="true" signature="afterMethod()[pri:0, instance:com.qa.test.ProductTests@7d4f9aae]" started-at="2021-02-19T16:41:28 IST" name="afterMethod" finished-at="2021-02-19T16:41:30 IST" duration-ms="1934" status="PASS">
          <reporter-output>
          </reporter-output>
        </test-method> <!-- afterMethod -->
        <test-method is-config="true" signature="afterMethod(java.lang.String, org.testng.ITestResult)[pri:0, instance:com.qa.test.ProductTests@7d4f9aae]" started-at="2021-02-19T16:41:30 IST" name="afterMethod" finished-at="2021-02-19T16:41:30 IST" duration-ms="516" status="PASS">
          <params>
            <param index="0">
              <value>
                <![CDATA[true]]>
              </value>
            </param>
            <param index="1">
              <value>
                <![CDATA[[TestResult name=validateProductOnProductsPage status=SUCCESS method=ProductTests.validateProductOnProductsPage()[pri:0, instance:com.qa.test.ProductTests@7d4f9aae] output={null}]]]>
              </value>
            </param>
          </params>
          <reporter-output>
          </reporter-output>
        </test-method> <!-- afterMethod -->
        <test-method is-config="true" signature="afterTest()[pri:0, instance:com.qa.test.ProductTests@7d4f9aae]" started-at="2021-02-19T16:41:30 IST" name="afterTest" finished-at="2021-02-19T16:41:30 IST" duration-ms="148" status="PASS">
          <reporter-output>
          </reporter-output>
        </test-method> <!-- afterTest -->
        <test-method is-config="true" signature="afterClass()[pri:0, instance:com.qa.test.ProductTests@7d4f9aae]" started-at="2021-02-19T16:41:30 IST" name="afterClass" finished-at="2021-02-19T16:41:30 IST" duration-ms="0" status="PASS">
          <reporter-output>
          </reporter-output>
        </test-method> <!-- afterClass -->
        <test-method is-config="true" signature="afterSuite()[pri:0, instance:com.qa.test.ProductTests@7d4f9aae]" started-at="2021-02-19T16:41:36 IST" name="afterSuite" finished-at="2021-02-19T16:41:36 IST" duration-ms="0" status="PASS">
          <reporter-output>
          </reporter-output>
        </test-method> <!-- afterSuite -->
      </class> <!-- com.qa.test.ProductTests -->
    </test> <!-- Emulator -->
  </suite> <!-- All Test Suite -->
</testng-results>
